[2025-11-05T22:21:42+00:00] SQLSTATE[42000]: Syntax error or access violation: 1064 You have an error in your SQL syntax; check the manual that corresponds to your MySQL server version for the right syntax to use near '?ño) AS ingresos,
      (SELECT COALESCE(SUM(monto),0) FROM transacciones WHER' at line 2
#0 C:\wamp64\www\finanzas-personales\app\Models\Transaction.php(92): PDO->prepare('SELECT \r\n      ...')
#1 C:\wamp64\www\finanzas-personales\app\Controllers\DashboardController.php(22): Transaction->summaryForMonth(1, 11, 2025)
#2 C:\wamp64\www\finanzas-personales\public\index.php(60): DashboardController->index()
#3 {main}

[2025-11-05T22:29:01+00:00] SQLSTATE[HY093]: Invalid parameter number
#0 C:\wamp64\www\finanzas-personales\app\Models\Transaction.php(93): PDOStatement->execute(Array)
#1 C:\wamp64\www\finanzas-personales\app\Controllers\DashboardController.php(22): Transaction->summaryForMonth(1, 11, 2025)
#2 C:\wamp64\www\finanzas-personales\public\index.php(60): DashboardController->index()
#3 {main}

[2025-11-05T22:29:05+00:00] SQLSTATE[HY093]: Invalid parameter number
#0 C:\wamp64\www\finanzas-personales\app\Models\Transaction.php(93): PDOStatement->execute(Array)
#1 C:\wamp64\www\finanzas-personales\app\Controllers\DashboardController.php(22): Transaction->summaryForMonth(1, 11, 2025)
#2 C:\wamp64\www\finanzas-personales\public\index.php(60): DashboardController->index()
#3 {main}

[2025-11-05T22:29:39+00:00] SQLSTATE[HY093]: Invalid parameter number
#0 C:\wamp64\www\finanzas-personales\app\Models\Transaction.php(93): PDOStatement->execute(Array)
#1 C:\wamp64\www\finanzas-personales\app\Controllers\DashboardController.php(22): Transaction->summaryForMonth(1, 11, 2025)
#2 C:\wamp64\www\finanzas-personales\public\index.php(60): DashboardController->index()
#3 {main}

[2025-11-05T22:30:18+00:00] SQLSTATE[HY093]: Invalid parameter number
#0 C:\wamp64\www\finanzas-personales\app\Models\Transaction.php(93): PDOStatement->execute(Array)
#1 C:\wamp64\www\finanzas-personales\app\Controllers\DashboardController.php(22): Transaction->summaryForMonth(1, 11, 2025)
#2 C:\wamp64\www\finanzas-personales\public\index.php(60): DashboardController->index()
#3 {main}

[2025-11-05T22:31:18+00:00] SQLSTATE[HY093]: Invalid parameter number
#0 C:\wamp64\www\finanzas-personales\app\Models\Transaction.php(93): PDOStatement->execute(Array)
#1 C:\wamp64\www\finanzas-personales\app\Controllers\DashboardController.php(22): Transaction->summaryForMonth(1, 11, 2025)
#2 C:\wamp64\www\finanzas-personales\public\index.php(60): DashboardController->index()
#3 {main}

[2025-11-05T22:39:03+00:00] SQLSTATE[HY093]: Invalid parameter number
#0 C:\wamp64\www\finanzas-personales\app\Models\Transaction.php(93): PDOStatement->execute(Array)
#1 C:\wamp64\www\finanzas-personales\app\Controllers\DashboardController.php(22): Transaction->summaryForMonth(1, 11, 2025)
#2 C:\wamp64\www\finanzas-personales\public\index.php(60): DashboardController->index()
#3 {main}

[2025-11-05T22:39:13+00:00] SQLSTATE[HY093]: Invalid parameter number
#0 C:\wamp64\www\finanzas-personales\app\Models\Transaction.php(93): PDOStatement->execute(Array)
#1 C:\wamp64\www\finanzas-personales\app\Controllers\DashboardController.php(22): Transaction->summaryForMonth(1, 11, 2025)
#2 C:\wamp64\www\finanzas-personales\public\index.php(60): DashboardController->index()
#3 {main}

[2025-11-05T22:39:38+00:00] SQLSTATE[HY093]: Invalid parameter number
#0 C:\wamp64\www\finanzas-personales\app\Models\Transaction.php(93): PDOStatement->execute(Array)
#1 C:\wamp64\www\finanzas-personales\app\Controllers\DashboardController.php(22): Transaction->summaryForMonth(1, 11, 2025)
#2 C:\wamp64\www\finanzas-personales\public\index.php(60): DashboardController->index()
#3 {main}

[2025-11-05T22:40:32+00:00] SQLSTATE[HY093]: Invalid parameter number
#0 C:\wamp64\www\finanzas-personales\app\Models\Transaction.php(93): PDOStatement->execute(Array)
#1 C:\wamp64\www\finanzas-personales\app\Controllers\DashboardController.php(22): Transaction->summaryForMonth(1, 11, 2025)
#2 C:\wamp64\www\finanzas-personales\public\index.php(60): DashboardController->index()
#3 {main}

[2025-11-05T22:41:13+00:00] SQLSTATE[HY093]: Invalid parameter number
#0 C:\wamp64\www\finanzas-personales\app\Models\Transaction.php(93): PDOStatement->execute(Array)
#1 C:\wamp64\www\finanzas-personales\app\Controllers\DashboardController.php(22): Transaction->summaryForMonth(1, 11, 2025)
#2 C:\wamp64\www\finanzas-personales\public\index.php(60): DashboardController->index()
#3 {main}

[2025-11-05T22:45:21+00:00] SQLSTATE[HY093]: Invalid parameter number
#0 C:\wamp64\www\finanzas-personales\app\Models\Transaction.php(93): PDOStatement->execute(Array)
#1 C:\wamp64\www\finanzas-personales\app\Controllers\DashboardController.php(22): Transaction->summaryForMonth(1, 11, 2025)
#2 C:\wamp64\www\finanzas-personales\public\index.php(60): DashboardController->index()
#3 {main}

[2025-11-05T23:34:34+00:00] SQLSTATE[HY093]: Invalid parameter number
#0 C:\wamp64\www\finanzas-personales\app\Models\Transaction.php(99): PDOStatement->execute(Array)
#1 C:\wamp64\www\finanzas-personales\app\Controllers\DashboardController.php(21): Transaction->summaryForMonth(1, 11, 2025)
#2 C:\wamp64\www\finanzas-personales\public\index.php(60): DashboardController->index()
#3 {main}

[2025-11-08T06:28:18+00:00] Call to protected method BaseController::view() from global scope
#0 {main}

[2025-11-08T06:28:54+00:00] Call to protected method BaseController::view() from global scope
#0 {main}

